<?xml version="1.0" encoding="UTF-8"?>
<!-- Generated by org.testng.reporters.JUnitReportReporter -->
<testsuite hostname="DESKTOP-LO4RKDQ" failures="0" tests="1" name="bank.user.Test_02" time="0.000" errors="0" timestamp="17 thg 2 2024 15:26:16 GMT" skipped="0">
  <testcase classname="bank.user.Test_02" name="test" time="0.000"/>
</testsuite> <!-- bank.user.Test_02 -->
