<?xml version="1.0" encoding="UTF-8"?>
<!-- Generated by org.testng.reporters.JUnitReportReporter -->
<testsuite hostname="DESKTOP-LO4RKDQ" failures="0" tests="1" name="Test.NewTest" time="3.704" errors="0" timestamp="17 thg 2 2024 14:50:06 GMT" skipped="0">
  <testcase classname="Test.NewTest" name="f" time="3.704"/>
</testsuite> <!-- Test.NewTest -->
