<?xml version="1.0" encoding="UTF-8"?>
<!-- Generated by org.testng.reporters.JUnitReportReporter -->
<testsuite hostname="DESKTOP-LO4RKDQ" failures="0" tests="1" name="bank.user.Test_01_Login" time="0.003" errors="0" timestamp="18 thg 2 2024 03:21:31 GMT" skipped="0">
  <testcase classname="bank.user.Test_01_Login" name="f" time="0.003"/>
</testsuite> <!-- bank.user.Test_01_Login -->
