<?xml version="1.0" encoding="UTF-8"?>
<!-- Generated by org.testng.reporters.JUnitReportReporter -->
<testsuite hostname="DESKTOP-LO4RKDQ" failures="0" tests="1" name="com.java.basic.Test_01_Login" time="0.004" errors="0" timestamp="18 thg 2 2024 03:55:11 GMT" skipped="0">
  <testcase classname="com.java.basic.Test_01_Login" name="f" time="0.004"/>
</testsuite> <!-- com.java.basic.Test_01_Login -->
